#
# A fatal error has been detected by the Java Runtime Environment:
#
#  EXCEPTION_PRIV_INSTRUCTION (0xc0000096) at pc=0x0000000002c9f277, pid=6916, tid=0x000000000000060c
#
# JRE version: OpenJDK Runtime Environment (8.0_112-b06) (build 1.8.0_112-release-b06)
# Java VM: OpenJDK 64-Bit Server VM (25.112-b06 mixed mode windows-amd64 compressed oops)
# Problematic frame:
# J 8474 C1 java.text.SimpleDateFormat.format(Ljava/util/Date;Ljava/lang/StringBuffer;Ljava/text/Format$FieldDelegate;)Ljava/lang/StringBuffer; (171 bytes) @ 0x0000000002c9f277 [0x0000000002c9e2c0+0xfb7]
#
# Failed to write core dump. Minidumps are not enabled by default on client versions of Windows
#
# If you would like to submit a bug report, please visit:
#   http://bugreport.java.com/bugreport/crash.jsp
#

---------------  T H R E A D  ---------------

Current thread (0x000000005e1ee800):  JavaThread "Daemon worker Thread 2" [_thread_in_Java, id=1548, stack(0x000000005abc0000,0x000000005acc0000)]

siginfo: ExceptionCode=0xc0000096

Registers:
RAX=0x00000000e6cf9068, RBX=0x0000000000000000, RCX=0x0000000000000000, RDX=0x00000000a001ec88
RSP=0x000000005acbbf88, RBP=0x00000000a0303de0, RSI=0x00000000e6cf9068, RDI=0x00000000a02bf620
R8 =0x0000000000000006, R9 =0x0000000000000002, R10=0x0000000067ce1e80, R11=0x00000000a02bf620
R12=0x0000000000000000, R13=0x0000000000000168, R14=0x00000000a001ec88, R15=0x000000005e1ee800
RIP=0x0000000002c9f277, EFLAGS=0x0000000000010202

Top of Stack: (sp=0x000000005acbbf88)
0x000000005acbbf88:   0000000002c9e794 000000005acbcfd8
0x000000005acbbf98:   0000000060e060c8 0000000055ac7d00
0x000000005acbbfa8:   000000005e1ee800 0000000055ac7d00
0x000000005acbbfb8:   000000005e1ee800 fffffffe00000000
0x000000005acbbfc8:   0000000060e05d68 00000000e6cf5b38
0x000000005acbbfd8:   00000000e6cf5b50 0000000060e05f28
0x000000005acbbfe8:   0000000060e05f88 000000005acbcfd8
0x000000005acbbff8:   0000000003f0a214 0000000056038870
0x000000005acbc008:   0000000056038228 0000000060e05f08
0x000000005acbc018:   00000000032bdfd0 0000000060e05d48
0x000000005acbc028:   00000000e6cf5bc8 00000000e6cf5b00
0x000000005acbc038:   000000005e1ee800 00000000159edc00
0x000000005acbc048:   0000000015cf8028 0000684353210d8a
0x000000005acbc058:   0000000003e23e8c 000000005e1ee800
0x000000005acbc068:   0000000000000000 000000005acbcab0
0x000000005acbc078:   0000000000000000 0000000000000000 

Instructions: (pc=0x0000000002c9f277)
0x0000000002c9f257:   49 ba 00 00 00 00 00 00 00 00 4d 89 97 98 02 00
0x0000000002c9f267:   00 48 81 c4 60 01 00 00 5d e9 eb 9d d0 ff f4 f4
0x0000000002c9f277:   f4 f4 f4 f4 f4 f4 f4 f4 f4 90 90 90 90 90 48 bb
0x0000000002c9f287:   00 00 00 00 00 00 00 00 e9 fb ff ff ff 90 48 bb 


Register to memory mapping:

RAX=0x00000000e6cf9068 is an oop
java.lang.StringBuffer 
 - klass: 'java/lang/StringBuffer'
RBX=0x0000000000000000 is an unknown value
RCX=0x0000000000000000 is an unknown value
RDX=0x00000000a001ec88 is an oop
java.text.SimpleDateFormat 
 - klass: 'java/text/SimpleDateFormat'
RSP=0x000000005acbbf88 is pointing into the stack for thread: 0x000000005e1ee800
RBP=0x00000000a0303de0 is an oop
sun.reflect.DelegatingMethodAccessorImpl 
 - klass: 'sun/reflect/DelegatingMethodAccessorImpl'
RSI=0x00000000e6cf9068 is an oop
java.lang.StringBuffer 
 - klass: 'java/lang/StringBuffer'
RDI=0x00000000a02bf620 is an oop
java.text.DontCareFieldPosition$1 
 - klass: 'java/text/DontCareFieldPosition$1'
R8 =0x0000000000000006 is an unknown value
R9 =0x0000000000000002 is an unknown value
R10=0x0000000067ce1e80 is an unknown value
R11=0x00000000a02bf620 is an oop
java.text.DontCareFieldPosition$1 
 - klass: 'java/text/DontCareFieldPosition$1'
R12=0x0000000000000000 is an unknown value
R13=0x0000000000000168 is an unknown value
R14=0x00000000a001ec88 is an oop
java.text.SimpleDateFormat 
 - klass: 'java/text/SimpleDateFormat'
R15=0x000000005e1ee800 is a thread


Stack: [0x000000005abc0000,0x000000005acc0000],  sp=0x000000005acbbf88,  free space=1007k
Native frames: (J=compiled Java code, j=interpreted, Vv=VM code, C=native code)
C  0x0000000002c9f277


---------------  P R O C E S S  ---------------

Java Threads: ( => current thread )
  0x000000005bbe1000 JavaThread "pool-8-thread-3" [_thread_blocked, id=4996, stack(0x0000000062e80000,0x0000000062f80000)]
  0x000000005bbdf800 JavaThread "pool-8-thread-2" [_thread_blocked, id=5876, stack(0x0000000061690000,0x0000000061790000)]
  0x000000005bbe3800 JavaThread "pool-8-thread-1" [_thread_blocked, id=6680, stack(0x0000000062ca0000,0x0000000062da0000)]
  0x000000005e1ea000 JavaThread "Stdin handler" [_thread_blocked, id=1496, stack(0x000000005e8c0000,0x000000005e9c0000)]
  0x000000005e1ef800 JavaThread "Asynchronous log dispatcher for DefaultDaemonConnection: socket connection from /127.0.0.1:54007 to /127.0.0.1:54369" [_thread_blocked, id=6064, stack(0x000000005a540000,0x000000005a640000)]
=>0x000000005e1ee800 JavaThread "Daemon worker Thread 2" [_thread_in_Java, id=1548, stack(0x000000005abc0000,0x000000005acc0000)]
  0x000000005e1ee000 JavaThread "Cancel handler" [_thread_blocked, id=3796, stack(0x000000005a980000,0x000000005aa80000)]
  0x000000005e1ed000 JavaThread "Handler for socket connection from /127.0.0.1:54007 to /127.0.0.1:54369" [_thread_in_native, id=3668, stack(0x000000005a750000,0x000000005a850000)]
  0x000000005e1eb000 JavaThread "Daemon Thread 2" [_thread_blocked, id=4256, stack(0x000000005a640000,0x000000005a740000)]
  0x000000005b3ba800 JavaThread "File lock request listener" [_thread_in_native, id=2548, stack(0x000000005bf40000,0x000000005c040000)]
  0x0000000059112000 JavaThread "pool-1-thread-1" [_thread_blocked, id=5956, stack(0x000000005a870000,0x000000005a970000)]
  0x00000000597c6800 JavaThread "Incoming local TCP Connector on port 54007" [_thread_in_native, id=5376, stack(0x0000000058470000,0x0000000058570000)]
  0x0000000057c2d000 JavaThread "Service Thread" daemon [_thread_blocked, id=3672, stack(0x0000000058230000,0x0000000058330000)]
  0x0000000057bb8800 JavaThread "C1 CompilerThread2" daemon [_thread_blocked, id=6580, stack(0x0000000058340000,0x0000000058440000)]
  0x00000000563db800 JavaThread "C2 CompilerThread1" daemon [_thread_blocked, id=7112, stack(0x00000000580d0000,0x00000000581d0000)]
  0x00000000563d4000 JavaThread "C2 CompilerThread0" daemon [_thread_blocked, id=5996, stack(0x0000000057ab0000,0x0000000057bb0000)]
  0x00000000563d0800 JavaThread "Attach Listener" daemon [_thread_blocked, id=3400, stack(0x00000000579a0000,0x0000000057aa0000)]
  0x00000000563ce800 JavaThread "Signal Dispatcher" daemon [_thread_blocked, id=5972, stack(0x0000000057810000,0x0000000057910000)]
  0x00000000563b7000 JavaThread "Finalizer" daemon [_thread_blocked, id=2352, stack(0x00000000576c0000,0x00000000577c0000)]
  0x0000000056370000 JavaThread "Reference Handler" daemon [_thread_blocked, id=5000, stack(0x00000000574d0000,0x00000000575d0000)]
  0x000000000218d800 JavaThread "main" [_thread_blocked, id=3520, stack(0x00000000024e0000,0x00000000025e0000)]

Other Threads:
  0x0000000056368000 VMThread [stack: 0x00000000573b0000,0x00000000574b0000] [id=5264]
  0x0000000057c2e000 WatcherThread [stack: 0x0000000058600000,0x0000000058700000] [id=5872]

VM state:not at safepoint (normal execution)

VM Mutex/Monitor currently owned by a thread: None

Heap:
 PSYoungGen      total 472064K, used 124743K [0x00000000e0000000, 0x00000000ffc80000, 0x0000000100000000)
  eden space 462336K, 24% used [0x00000000e0000000,0x00000000e707bd88,0x00000000fc380000)
  from space 9728K, 98% used [0x00000000fc380000,0x00000000fccd6018,0x00000000fcd00000)
  to   space 29184K, 0% used [0x00000000fe000000,0x00000000fe000000,0x00000000ffc80000)
 ParOldGen       total 112640K, used 55543K [0x00000000a0000000, 0x00000000a6e00000, 0x00000000e0000000)
  object space 112640K, 49% used [0x00000000a0000000,0x00000000a363dc48,0x00000000a6e00000)
 Metaspace       used 70544K, capacity 73602K, committed 73856K, reserved 1114112K
  class space    used 9212K, capacity 9822K, committed 9856K, reserved 1048576K

Card table byte_map: [0x0000000011c70000,0x0000000011f80000] byte_map_base: 0x0000000011770000

Marking Bits: (ParMarkBitMap*) 0x0000000067cf18f0
 Begin Bits: [0x00000000126e0000, 0x0000000013ee0000)
 End Bits:   [0x0000000013ee0000, 0x00000000156e0000)

Polling page: 0x0000000000250000

CodeCache: size=245760Kb used=36418Kb max_used=37425Kb free=209341Kb
 bounds [0x00000000028b0000, 0x0000000004d80000, 0x00000000118b0000]
 total_blobs=11908 nmethods=11119 adapters=702
 compilation: enabled

Compilation events (10 events):
Event: 1058.816 Thread 0x0000000057bb8800 nmethod 13799 0x0000000004b27010 code [0x0000000004b271e0, 0x0000000004b279d8]
Event: 1058.816 Thread 0x0000000057bb8800 13800       3       org.gradle.internal.logging.sink.ProgressLogEventGenerator$Operation::completeHeader (174 bytes)
Event: 1058.819 Thread 0x0000000057bb8800 nmethod 13800 0x0000000004bc2690 code [0x0000000004bc2a60, 0x0000000004bc4d68]
Event: 1058.821 Thread 0x0000000057bb8800 13801       3       java.util.concurrent.locks.ReentrantReadWriteLock$FairSync::readerShouldBlock (5 bytes)
Event: 1058.821 Thread 0x0000000057bb8800 nmethod 13801 0x000000000424f950 code [0x000000000424fac0, 0x000000000424fcc8]
Event: 1058.822 Thread 0x00000000563d4000 13802 % !   4       java.util.concurrent.ConcurrentHashMap::clear @ 10 (176 bytes)
Event: 1058.826 Thread 0x00000000563db800 13803       4       java.util.HashMap::values (25 bytes)
Event: 1058.828 Thread 0x00000000563db800 nmethod 13803 0x0000000003a74d50 code [0x0000000003a74ea0, 0x0000000003a74f78]
Event: 1058.828 Thread 0x00000000563db800 13804       4       java.util.concurrent.CopyOnWriteArrayList$COWIterator::hasNext (18 bytes)
Event: 1058.828 Thread 0x00000000563db800 nmethod 13804 0x00000000049fe350 code [0x00000000049fe480, 0x00000000049fe4f8]

GC Heap History (10 events):
Event: 13.233 GC heap before
{Heap before GC invocations=10 (full 2):
 PSYoungGen      total 216064K, used 214993K [0x00000000e0000000, 0x00000000f8e80000, 0x0000000100000000)
  eden space 200704K, 100% used [0x00000000e0000000,0x00000000ec400000,0x00000000ec400000)
  from space 15360K, 93% used [0x00000000ec400000,0x00000000ed1f4678,0x00000000ed300000)
  to   space 17408K, 0% used [0x00000000f7d80000,0x00000000f7d80000,0x00000000f8e80000)
 ParOldGen       total 74240K, used 18262K [0x00000000a0000000, 0x00000000a4880000, 0x00000000e0000000)
  object space 74240K, 24% used [0x00000000a0000000,0x00000000a11d5988,0x00000000a4880000)
 Metaspace       used 49734K, capacity 51354K, committed 51456K, reserved 1093632K
  class space    used 6776K, capacity 7149K, committed 7168K, reserved 1048576K
Event: 13.299 GC heap after
Heap after GC invocations=10 (full 2):
 PSYoungGen      total 384000K, used 17379K [0x00000000e0000000, 0x00000000f9400000, 0x0000000100000000)
  eden space 366592K, 0% used [0x00000000e0000000,0x00000000e0000000,0x00000000f6600000)
  from space 17408K, 99% used [0x00000000f7d80000,0x00000000f8e78c80,0x00000000f8e80000)
  to   space 23552K, 0% used [0x00000000f6600000,0x00000000f6600000,0x00000000f7d00000)
 ParOldGen       total 74240K, used 26384K [0x00000000a0000000, 0x00000000a4880000, 0x00000000e0000000)
  object space 74240K, 35% used [0x00000000a0000000,0x00000000a19c4390,0x00000000a4880000)
 Metaspace       used 49734K, capacity 51354K, committed 51456K, reserved 1093632K
  class space    used 6776K, capacity 7149K, committed 7168K, reserved 1048576K
}
Event: 19.831 GC heap before
{Heap before GC invocations=11 (full 2):
 PSYoungGen      total 384000K, used 217085K [0x00000000e0000000, 0x00000000f9400000, 0x0000000100000000)
  eden space 366592K, 54% used [0x00000000e0000000,0x00000000ec306808,0x00000000f6600000)
  from space 17408K, 99% used [0x00000000f7d80000,0x00000000f8e78c80,0x00000000f8e80000)
  to   space 23552K, 0% used [0x00000000f6600000,0x00000000f6600000,0x00000000f7d00000)
 ParOldGen       total 74240K, used 26384K [0x00000000a0000000, 0x00000000a4880000, 0x00000000e0000000)
  object space 74240K, 35% used [0x00000000a0000000,0x00000000a19c4390,0x00000000a4880000)
 Metaspace       used 56681K, capacity 59036K, committed 59136K, reserved 1099776K
  class space    used 7681K, capacity 8179K, committed 8192K, reserved 1048576K
Event: 19.920 GC heap after
Heap after GC invocations=11 (full 2):
 PSYoungGen      total 390144K, used 23520K [0x00000000e0000000, 0x0000000100000000, 0x0000000100000000)
  eden space 366592K, 0% used [0x00000000e0000000,0x00000000e0000000,0x00000000f6600000)
  from space 23552K, 99% used [0x00000000f6600000,0x00000000f7cf8218,0x00000000f7d00000)
  to   space 31744K, 0% used [0x00000000fe100000,0x00000000fe100000,0x0000000100000000)
 ParOldGen       total 74240K, used 37226K [0x00000000a0000000, 0x00000000a4880000, 0x00000000e0000000)
  object space 74240K, 50% used [0x00000000a0000000,0x00000000a245ab18,0x00000000a4880000)
 Metaspace       used 56681K, capacity 59036K, committed 59136K, reserved 1099776K
  class space    used 7681K, capacity 8179K, committed 8192K, reserved 1048576K
}
Event: 19.920 GC heap before
{Heap before GC invocations=12 (full 3):
 PSYoungGen      total 390144K, used 23520K [0x00000000e0000000, 0x0000000100000000, 0x0000000100000000)
  eden space 366592K, 0% used [0x00000000e0000000,0x00000000e0000000,0x00000000f6600000)
  from space 23552K, 99% used [0x00000000f6600000,0x00000000f7cf8218,0x00000000f7d00000)
  to   space 31744K, 0% used [0x00000000fe100000,0x00000000fe100000,0x0000000100000000)
 ParOldGen       total 74240K, used 37226K [0x00000000a0000000, 0x00000000a4880000, 0x00000000e0000000)
  object space 74240K, 50% used [0x00000000a0000000,0x00000000a245ab18,0x00000000a4880000)
 Metaspace       used 56681K, capacity 59036K, committed 59136K, reserved 1099776K
  class space    used 7681K, capacity 8179K, committed 8192K, reserved 1048576K
Event: 20.356 GC heap after
Heap after GC invocations=12 (full 3):
 PSYoungGen      total 390144K, used 0K [0x00000000e0000000, 0x0000000100000000, 0x0000000100000000)
  eden space 366592K, 0% used [0x00000000e0000000,0x00000000e0000000,0x00000000f6600000)
  from space 23552K, 0% used [0x00000000f6600000,0x00000000f6600000,0x00000000f7d00000)
  to   space 31744K, 0% used [0x00000000fe100000,0x00000000fe100000,0x0000000100000000)
 ParOldGen       total 112640K, used 46484K [0x00000000a0000000, 0x00000000a6e00000, 0x00000000e0000000)
  object space 112640K, 41% used [0x00000000a0000000,0x00000000a2d65240,0x00000000a6e00000)
 Metaspace       used 56681K, capacity 59036K, committed 59136K, reserved 1099776K
  class space    used 7681K, capacity 8179K, committed 8192K, reserved 1048576K
}
Event: 1054.085 GC heap before
{Heap before GC invocations=13 (full 3):
 PSYoungGen      total 390144K, used 366000K [0x00000000e0000000, 0x0000000100000000, 0x0000000100000000)
  eden space 366592K, 99% used [0x00000000e0000000,0x00000000f656c270,0x00000000f6600000)
  from space 23552K, 0% used [0x00000000f6600000,0x00000000f6600000,0x00000000f7d00000)
  to   space 31744K, 0% used [0x00000000fe100000,0x00000000fe100000,0x0000000100000000)
 ParOldGen       total 112640K, used 46484K [0x00000000a0000000, 0x00000000a6e00000, 0x00000000e0000000)
  object space 112640K, 41% used [0x00000000a0000000,0x00000000a2d65240,0x00000000a6e00000)
 Metaspace       used 65166K, capacity 67936K, committed 68224K, reserved 1107968K
  class space    used 8662K, capacity 9241K, committed 9344K, reserved 1048576K
Event: 1054.115 GC heap after
Heap after GC invocations=13 (full 3):
 PSYoungGen      total 494080K, used 11964K [0x00000000e0000000, 0x0000000100000000, 0x0000000100000000)
  eden space 462336K, 0% used [0x00000000e0000000,0x00000000e0000000,0x00000000fc380000)
  from space 31744K, 37% used [0x00000000fe100000,0x00000000fecaf240,0x0000000100000000)
  to   space 30208K, 0% used [0x00000000fc380000,0x00000000fc380000,0x00000000fe100000)
 ParOldGen       total 112640K, used 46500K [0x00000000a0000000, 0x00000000a6e00000, 0x00000000e0000000)
  object space 112640K, 41% used [0x00000000a0000000,0x00000000a2d69240,0x00000000a6e00000)
 Metaspace       used 65166K, capacity 67936K, committed 68224K, reserved 1107968K
  class space    used 8662K, capacity 9241K, committed 9344K, reserved 1048576K
}
Event: 1058.662 GC heap before
{Heap before GC invocations=14 (full 3):
 PSYoungGen      total 494080K, used 474225K [0x00000000e0000000, 0x0000000100000000, 0x0000000100000000)
  eden space 462336K, 99% used [0x00000000e0000000,0x00000000fc36d258,0x00000000fc380000)
  from space 31744K, 37% used [0x00000000fe100000,0x00000000fecaf240,0x0000000100000000)
  to   space 30208K, 0% used [0x00000000fc380000,0x00000000fc380000,0x00000000fe100000)
 ParOldGen       total 112640K, used 46500K [0x00000000a0000000, 0x00000000a6e00000, 0x00000000e0000000)
  object space 112640K, 41% used [0x00000000a0000000,0x00000000a2d69240,0x00000000a6e00000)
 Metaspace       used 70392K, capacity 73468K, committed 73600K, reserved 1114112K
  class space    used 9194K, capacity 9821K, committed 9856K, reserved 1048576K
Event: 1058.683 GC heap after
Heap after GC invocations=14 (full 3):
 PSYoungGen      total 472064K, used 9560K [0x00000000e0000000, 0x00000000ffc80000, 0x0000000100000000)
  eden space 462336K, 0% used [0x00000000e0000000,0x00000000e0000000,0x00000000fc380000)
  from space 9728K, 98% used [0x00000000fc380000,0x00000000fccd6018,0x00000000fcd00000)
  to   space 29184K, 0% used [0x00000000fe000000,0x00000000fe000000,0x00000000ffc80000)
 ParOldGen       total 112640K, used 55543K [0x00000000a0000000, 0x00000000a6e00000, 0x00000000e0000000)
  object space 112640K, 49% used [0x00000000a0000000,0x00000000a363dc48,0x00000000a6e00000)
 Metaspace       used 70392K, capacity 73468K, committed 73600K, reserved 1114112K
  class space    used 9194K, capacity 9821K, committed 9856K, reserved 1048576K
}

Deoptimization events (10 events):
Event: 1058.261 Thread 0x000000005bbdd800 Uncommon trap: reason=bimorphic action=maybe_recompile pc=0x00000000036dcb2c method=java.util.AbstractList$Itr.next()Ljava/lang/Object; @ 14
Event: 1058.278 Thread 0x000000005bbde000 Uncommon trap: reason=bimorphic action=maybe_recompile pc=0x00000000036dcb2c method=java.util.AbstractList$Itr.next()Ljava/lang/Object; @ 14
Event: 1058.317 Thread 0x000000005bbde000 Uncommon trap: reason=bimorphic action=maybe_recompile pc=0x000000000338fb6c method=java.security.MessageDigest$Delegate.engineUpdate([BII)V @ 7
Event: 1058.318 Thread 0x000000005bbde000 Uncommon trap: reason=bimorphic action=maybe_recompile pc=0x0000000003f66a5c method=java.util.WeakHashMap.eq(Ljava/lang/Object;Ljava/lang/Object;)Z @ 7
Event: 1058.336 Thread 0x000000005bbdd800 Uncommon trap: reason=bimorphic action=maybe_recompile pc=0x000000000338fb6c method=java.security.MessageDigest$Delegate.engineUpdate([BII)V @ 7
Event: 1058.336 Thread 0x000000005bbdd800 Uncommon trap: reason=bimorphic action=maybe_recompile pc=0x000000000338fb6c method=java.security.MessageDigest$Delegate.engineUpdate([BII)V @ 7
Event: 1058.347 Thread 0x000000005bbdc800 Uncommon trap: reason=bimorphic action=maybe_recompile pc=0x00000000036dcb2c method=java.util.AbstractList$Itr.next()Ljava/lang/Object; @ 14
Event: 1058.347 Thread 0x000000005bbdc800 Uncommon trap: reason=bimorphic action=maybe_recompile pc=0x0000000003f66a5c method=java.util.WeakHashMap.eq(Ljava/lang/Object;Ljava/lang/Object;)Z @ 7
Event: 1058.357 Thread 0x000000005bbdc800 Uncommon trap: reason=bimorphic action=maybe_recompile pc=0x0000000003f66a5c method=java.util.WeakHashMap.eq(Ljava/lang/Object;Ljava/lang/Object;)Z @ 7
Event: 1058.357 Thread 0x000000005bbde000 Uncommon trap: reason=bimorphic action=maybe_recompile pc=0x0000000003f66a5c method=java.util.WeakHashMap.eq(Ljava/lang/Object;Ljava/lang/Object;)Z @ 7

Internal exceptions (10 events):
Event: 1049.610 Thread 0x000000005e1ee800 Exception <a 'java/lang/ClassNotFoundException': com/android/build/gradle/tasks/fd/GenerateInstantRunAppInfoTask_DecoratedCustomizer> (0x00000000e6f888e0) thrown at [C:\src\android\AOSP-openjdk\external\jetbrains\jdk\hotspot\src\share\vm\classfile\systemDi£¨“®gê@
Event: 1049.915 Thread 0x000000005e1ee800 Implicit null exception at 0x0000000002cfab4b to 0x0000000002cfb851
Event: 1049.924 Thread 0x000000005e1ee800 Implicit null exception at 0x0000000002b84452 to 0x0000000002b84589
Event: 1049.924 Thread 0x000000005e1ee800 Implicit null exception at 0x0000000002ba39f2 to 0x0000000002ba3bc1
Event: 1050.232 Thread 0x000000005e1ee800 Implicit null exception at 0x000000000316d1ce to 0x000000000316d351
Event: 1050.275 Thread 0x000000005e1ee800 Implicit null exception at 0x00000000040f99ec to 0x00000000040f9c0d
Event: 1050.460 Thread 0x000000005e1ee800 Implicit null exception at 0x00000000039f272c to 0x00000000039f2cbd
Event: 1053.879 Thread 0x000000005e1ee800 Exception <a 'java/lang/NoSuchMethodError': java.lang.Object.lambda$asRunnable$0(Lcom/android/apkzlib/utils/IOExceptionRunnable;)V> (0x00000000f313bc68) thrown at [C:\src\android\AOSP-openjdk\external\jetbrains\jdk\hotspot\src\share\vm\interpreter\linkResorn⁄Ÿyê@
Event: 1054.269 Thread 0x000000005e1ec800 Exception <a 'java/lang/NoSuchMethodError': <clinit>> (0x00000000e4d72780) thrown at [C:\src\android\AOSP-openjdk\external\jetbrains\jdk\hotspot\src\share\vm\prims\jni.cpp, line 1613]
Event: 1056.732 Thread 0x000000005e76b000 Implicit null exception at 0x0000000004bda3b9 to 0x0000000004bda9a5

Events (10 events):
Event: 1058.821 Thread 0x000000005bbdc800 Thread exited: 0x000000005bbdc800
Event: 1058.821 Executing VM operation: RevokeBias
Event: 1058.821 Executing VM operation: RevokeBias done
Event: 1058.821 Executing VM operation: RevokeBias
Event: 1058.821 Executing VM operation: RevokeBias done
Event: 1058.827 Executing VM operation: RevokeBias
Event: 1058.827 Executing VM operation: RevokeBias done
Event: 1058.828 Executing VM operation: RevokeBias
Event: 1058.828 Executing VM operation: RevokeBias done
Event: 1058.828 Thread 0x000000005e1ec800 Thread exited: 0x000000005e1ec800


Dynamic libraries:
0x000000013f0d0000 - 0x000000013f101000 	C:\Program Files\Android\Android Studio\jre\bin\java.exe
0x0000000076e40000 - 0x0000000076feb000 	C:\Windows\SYSTEM32\ntdll.dll
0x000007feec450000 - 0x000007feec483000 	C:\Program Files\AVAST Software\Avast\x64\aswhooka.dll
0x0000000076d20000 - 0x0000000076e3f000 	C:\Windows\system32\kernel32.dll
0x000007fefd100000 - 0x000007fefd16b000 	C:\Windows\system32\KERNELBASE.dll
0x000007fefe9e0000 - 0x000007fefeabb000 	C:\Windows\system32\ADVAPI32.dll
0x000007fefd850000 - 0x000007fefd8ef000 	C:\Windows\system32\msvcrt.dll
0x000007fefd970000 - 0x000007fefd98f000 	C:\Windows\SYSTEM32\sechost.dll
0x000007fefeac0000 - 0x000007fefebee000 	C:\Windows\system32\RPCRT4.dll
0x0000000076c20000 - 0x0000000076d1a000 	C:\Windows\system32\USER32.dll
0x000007fefec00000 - 0x000007fefec67000 	C:\Windows\system32\GDI32.dll
0x000007fefd670000 - 0x000007fefd67e000 	C:\Windows\system32\LPK.dll
0x000007fefd210000 - 0x000007fefd2da000 	C:\Windows\system32\USP10.dll
0x000007fefb510000 - 0x000007fefb704000 	C:\Windows\WinSxS\amd64_microsoft.windows.common-controls_6595b64144ccf1df_6.0.7600.16385_none_fa645303170382f6\COMCTL32.dll
0x000007fefd8f0000 - 0x000007fefd961000 	C:\Windows\system32\SHLWAPI.dll
0x000007fefd990000 - 0x000007fefd9be000 	C:\Windows\system32\IMM32.DLL
0x000007fefdb40000 - 0x000007fefdc49000 	C:\Windows\system32\MSCTF.dll
0x000000006e7a0000 - 0x000000006e872000 	C:\Program Files\Android\Android Studio\jre\jre\bin\msvcr100.dll
0x0000000067530000 - 0x0000000067d6c000 	C:\Program Files\Android\Android Studio\jre\jre\bin\server\jvm.dll
0x000007fefb830000 - 0x000007fefb839000 	C:\Windows\system32\WSOCK32.dll
0x000007fefd170000 - 0x000007fefd1bd000 	C:\Windows\system32\WS2_32.dll
0x000007fefebf0000 - 0x000007fefebf8000 	C:\Windows\system32\NSI.dll
0x000007fefb060000 - 0x000007fefb09b000 	C:\Windows\system32\WINMM.dll
0x000007fefbd20000 - 0x000007fefbd2c000 	C:\Windows\system32\VERSION.dll
0x0000000077010000 - 0x0000000077017000 	C:\Windows\system32\PSAPI.DLL
0x000007fef5ed0000 - 0x000007fef5edf000 	C:\Program Files\Android\Android Studio\jre\jre\bin\verify.dll
0x000007fef4be0000 - 0x000007fef4c09000 	C:\Program Files\Android\Android Studio\jre\jre\bin\java.dll
0x000007fef5a30000 - 0x000007fef5a46000 	C:\Program Files\Android\Android Studio\jre\jre\bin\zip.dll
0x000007fefdc50000 - 0x000007fefe9d6000 	C:\Windows\system32\SHELL32.dll
0x000007fefd3c0000 - 0x000007fefd5c1000 	C:\Windows\system32\ole32.dll
0x000007fefcda0000 - 0x000007fefcdaf000 	C:\Windows\system32\profapi.dll
0x000007fef5990000 - 0x000007fef59aa000 	C:\Program Files\Android\Android Studio\jre\jre\bin\net.dll
0x000007fefc610000 - 0x000007fefc664000 	C:\Windows\system32\mswsock.dll
0x000007fefc600000 - 0x000007fefc607000 	C:\Windows\System32\wship6.dll
0x000007fef4bc0000 - 0x000007fef4bd1000 	C:\Program Files\Android\Android Studio\jre\jre\bin\nio.dll
0x000007fef43c0000 - 0x000007fef43de000 	C:\Users\CamCam\.gradle\native\23\windows-amd64\native-platform.dll
0x000007fefc670000 - 0x000007fefc687000 	C:\Windows\system32\CRYPTSP.dll
0x000007fefc370000 - 0x000007fefc3b7000 	C:\Windows\system32\rsaenh.dll
0x000007fefc0f0000 - 0x000007fefc10e000 	C:\Windows\system32\USERENV.dll
0x000007fefccd0000 - 0x000007fefccdf000 	C:\Windows\system32\CRYPTBASE.dll
0x000007fef9a50000 - 0x000007fef9a77000 	C:\Windows\system32\IPHLPAPI.DLL
0x000007fef9a30000 - 0x000007fef9a3b000 	C:\Windows\system32\WINNSI.DLL
0x000007fef9960000 - 0x000007fef9971000 	C:\Windows\system32\dhcpcsvc6.DLL
0x000007fef9940000 - 0x000007fef9958000 	C:\Windows\system32\dhcpcsvc.DLL
0x000007fef5b70000 - 0x000007fef5b7d000 	C:\Program Files\Android\Android Studio\jre\jre\bin\management.dll
0x000007fefcc70000 - 0x000007fefccc7000 	C:\Windows\system32\apphelp.dll
0x000007fef4ad0000 - 0x000007fef4af4000 	C:\Program Files\Android\Android Studio\jre\jre\bin\sunec.dll
0x000007fef49d0000 - 0x000007fef49db000 	C:\Program Files\Android\Android Studio\jre\jre\bin\sunmscapi.dll
0x000007fefcf50000 - 0x000007fefd0b6000 	C:\Windows\system32\CRYPT32.dll
0x000007fefce40000 - 0x000007fefce4f000 	C:\Windows\system32\MSASN1.dll
0x000007feef680000 - 0x000007feef7a5000 	C:\Windows\system32\dbghelp.dll

VM Arguments:
jvm_args: -Xmx1536m -Dfile.encoding=windows-1252 -Duser.country=US -Duser.language=en -Duser.variant 
java_command: org.gradle.launcher.daemon.bootstrap.GradleDaemon 3.3
java_class_path (initial): C:\Users\CamCam\.gradle\wrapper\dists\gradle-3.3-all\55gk2rcmfc6p2dg9u9ohc3hw9\gradle-3.3\lib\gradle-launcher-3.3.jar
Launcher Type: SUN_STANDARD

Environment Variables:
PATH=C:\ProgramData\Oracle\Java\javapath;C:\Windows\system32;C:\Windows;C:\Windows\System32\Wbem;C:\Windows\System32\WindowsPowerShell\v1.0\;C:\Program Files (x86)\NVIDIA Corporation\PhysX\Common;C:\Program Files\Java\jdk1.8.0_121\bin;C:\Program Files\nodejs\;C:\Program Files (x86)\Skype\Phone\;C:\xampp\php;C:\ProgramData\ComposerSetup\bin;C:\Users\CamCam\AppData\Roaming\npm;C:\Users\CamCam\AppData\Roaming\Composer\vendor\bin
USERNAME=CamCam
OS=Windows_NT
PROCESSOR_IDENTIFIER=Intel64 Family 6 Model 42 Stepping 7, GenuineIntel



---------------  S Y S T E M  ---------------

OS: Windows 7 , 64 bit Build 7600 (6.1.7600.16385)

CPU:total 4 (2 cores per cpu, 2 threads per core) family 6 model 42 stepping 7, cmov, cx8, fxsr, mmx, sse, sse2, sse3, ssse3, sse4.1, sse4.2, popcnt, clmul, ht, tsc, tscinvbit

Memory: 4k page, physical 8351532k(3345644k free), swap 16701168k(10850040k free)

vm_info: OpenJDK 64-Bit Server VM (25.112-b06) for windows-amd64 JRE (1.8.0_112-release-b06), built on Dec  8 2016 00:54:26 by "builder" with MS VC++ 10.0 (VS2010)

time: Tue Nov 28 23:01:39 2017
elapsed time: 1058 seconds (0d 0h 17m 38s)

